TN:
SF:server.js
FNF:0
FNH:0
DA:1,1
DA:2,1
DA:3,1
DA:4,1
DA:5,1
DA:6,1
DA:7,1
DA:8,1
DA:9,1
DA:10,1
DA:11,1
DA:12,1
DA:13,1
DA:14,1
DA:15,1
DA:16,1
DA:17,1
DA:18,1
DA:19,1
DA:20,1
DA:21,1
DA:22,1
DA:23,1
DA:24,1
DA:25,1
LF:25
LH:25
BRF:0
BRH:0
end_of_record
TN:
SF:startTestServer.js
FN:4,startServer
FNF:1
FNH:1
FNDA:1,startServer
DA:1,1
DA:2,1
DA:3,1
DA:4,1
DA:5,1
DA:6,1
DA:7,1
DA:8,1
DA:9,1
DA:10,1
DA:11,1
DA:12,1
DA:13,0
DA:14,0
DA:15,0
DA:16,1
DA:17,1
DA:18,1
LF:18
LH:15
BRDA:4,0,0,1
BRDA:12,1,0,0
BRDA:8,2,0,1
BRF:3
BRH:2
end_of_record
TN:
SF:config\jwtConfig.js
FNF:0
FNH:0
DA:1,1
DA:2,1
DA:3,1
LF:3
LH:3
BRDA:2,0,0,0
BRF:1
BRH:0
end_of_record
TN:
SF:config\multer.js
FN:19,key
FNF:1
FNH:0
FNDA:0,key
DA:1,1
DA:2,1
DA:3,1
DA:4,1
DA:5,1
DA:6,1
DA:7,1
DA:8,1
DA:9,1
DA:10,1
DA:11,1
DA:12,1
DA:13,1
DA:14,1
DA:15,1
DA:16,1
DA:17,1
DA:18,1
DA:19,1
DA:20,0
DA:21,0
DA:22,0
DA:23,1
DA:24,1
DA:25,1
DA:26,1
LF:26
LH:23
BRF:0
BRH:0
end_of_record
TN:
SF:config\testdb.js
FN:3,connectDB
FNF:1
FNH:1
FNDA:1,connectDB
DA:1,1
DA:2,1
DA:3,1
DA:4,1
DA:5,1
DA:6,1
DA:7,1
DA:8,1
DA:9,1
DA:10,1
DA:11,0
DA:12,0
DA:13,0
DA:14,1
DA:15,1
DA:16,1
LF:16
LH:13
BRDA:3,0,0,1
BRDA:10,1,0,0
BRF:2
BRH:1
end_of_record
TN:
SF:controllers\agentController.js
FN:9,getUserDetails
FN:25,getTicketsByAgentToday
FNF:2
FNH:1
FNDA:0,getUserDetails
FNDA:1,getTicketsByAgentToday
DA:1,1
DA:2,1
DA:3,1
DA:4,1
DA:5,1
DA:6,1
DA:7,1
DA:8,1
DA:9,1
DA:10,0
DA:11,0
DA:12,0
DA:13,0
DA:14,0
DA:15,0
DA:16,0
DA:17,0
DA:18,0
DA:19,0
DA:20,0
DA:21,0
DA:22,0
DA:23,0
DA:24,1
DA:25,1
DA:26,1
DA:27,1
DA:28,1
DA:29,1
DA:30,1
DA:31,1
DA:32,1
DA:33,1
DA:34,1
DA:35,1
DA:36,1
DA:37,1
DA:38,1
DA:39,1
DA:40,1
DA:41,1
DA:42,1
DA:43,1
DA:44,1
DA:45,1
DA:46,1
DA:47,1
DA:48,1
DA:49,1
DA:50,1
DA:51,1
DA:52,1
DA:53,1
DA:54,1
DA:55,1
DA:56,1
DA:57,1
DA:58,1
DA:59,1
DA:60,1
DA:61,1
DA:62,1
DA:63,1
DA:64,1
DA:65,1
DA:66,0
DA:67,0
DA:68,0
DA:69,1
DA:70,1
DA:71,1
DA:72,1
DA:73,1
DA:74,1
LF:74
LH:57
BRDA:25,0,0,1
BRDA:65,1,0,0
BRF:2
BRH:1
end_of_record
TN:
SF:controllers\authController.js
FN:10,Object.<anonymous>.exports.registerCustomer
FN:57,Object.<anonymous>.exports.registerAgent
FN:70,Object.<anonymous>.exports.registerManager
FN:82,Object.<anonymous>.exports.loginUser
FN:108,Object.<anonymous>.exports.logout
FNF:5
FNH:3
FNDA:26,Object.<anonymous>.exports.registerCustomer
FNDA:11,Object.<anonymous>.exports.registerAgent
FNDA:0,Object.<anonymous>.exports.registerManager
FNDA:9,Object.<anonymous>.exports.loginUser
FNDA:0,Object.<anonymous>.exports.logout
DA:1,1
DA:2,1
DA:3,1
DA:4,1
DA:5,1
DA:6,1
DA:7,1
DA:8,1
DA:9,1
DA:10,1
DA:11,26
DA:12,26
DA:13,26
DA:14,26
DA:15,26
DA:16,1
DA:17,1
DA:18,25
DA:19,25
DA:20,25
DA:21,26
DA:22,1
DA:23,1
DA:24,24
DA:25,24
DA:26,24
DA:27,24
DA:28,24
DA:29,24
DA:30,24
DA:31,24
DA:32,24
DA:33,24
DA:34,24
DA:35,24
DA:36,24
DA:37,24
DA:38,24
DA:39,24
DA:40,24
DA:41,24
DA:42,24
DA:43,24
DA:44,24
DA:45,24
DA:46,24
DA:47,24
DA:48,24
DA:49,24
DA:50,26
DA:51,0
DA:52,0
DA:53,0
DA:54,26
DA:55,1
DA:56,1
DA:57,1
DA:58,11
DA:59,11
DA:60,11
DA:61,11
DA:62,11
DA:63,11
DA:64,11
DA:65,0
DA:66,0
DA:67,11
DA:68,1
DA:69,1
DA:70,1
DA:71,0
DA:72,0
DA:73,0
DA:74,0
DA:75,0
DA:76,0
DA:77,0
DA:78,0
DA:79,0
DA:80,0
DA:81,1
DA:82,1
DA:83,9
DA:84,9
DA:85,9
DA:86,9
DA:87,9
DA:88,9
DA:89,9
DA:90,9
DA:91,7
DA:92,7
DA:93,7
DA:94,9
DA:95,7
DA:96,7
DA:97,7
DA:98,7
DA:99,7
DA:100,7
DA:101,7
DA:102,7
DA:103,9
DA:104,0
DA:105,0
DA:106,9
DA:107,1
DA:108,1
DA:109,0
DA:110,0
LF:110
LH:91
BRDA:10,0,0,26
BRDA:15,1,0,25
BRDA:15,2,0,25
BRDA:15,3,0,25
BRDA:15,4,0,25
BRDA:15,5,0,25
BRDA:15,6,0,1
BRDA:17,7,0,25
BRDA:21,8,0,1
BRDA:23,9,0,24
BRDA:50,10,0,0
BRDA:57,11,0,11
BRDA:64,12,0,0
BRDA:82,13,0,9
BRDA:90,14,0,2
BRDA:90,15,0,7
BRDA:94,16,0,0
BRDA:94,17,0,7
BRDA:103,18,0,0
BRF:19
BRH:15
end_of_record
TN:
SF:controllers\managerController.js
FN:9,getAllAgentsDetails
FN:25,removeAgent
FNF:2
FNH:1
FNDA:2,getAllAgentsDetails
FNDA:0,removeAgent
DA:1,1
DA:2,1
DA:3,1
DA:4,1
DA:5,1
DA:6,1
DA:7,1
DA:8,1
DA:9,1
DA:10,2
DA:11,2
DA:12,2
DA:13,2
DA:14,2
DA:15,1
DA:16,1
DA:17,1
DA:18,1
DA:19,2
DA:20,0
DA:21,0
DA:22,0
DA:23,2
DA:24,1
DA:25,1
DA:26,0
DA:27,0
DA:28,0
DA:29,0
DA:30,0
DA:31,0
DA:32,0
DA:33,0
DA:34,0
DA:35,0
DA:36,0
DA:37,0
DA:38,0
DA:39,0
DA:40,0
DA:41,0
DA:42,0
DA:43,1
DA:44,1
DA:45,1
DA:46,1
DA:47,1
LF:47
LH:27
BRDA:9,0,0,2
BRDA:14,1,0,1
BRDA:19,2,0,0
BRF:3
BRH:2
end_of_record
TN:
SF:controllers\ticketController.js
FN:7,notifyCustomer
FN:26,Object.<anonymous>.exports.updateTicketStatus
FN:103,Object.<anonymous>.exports.updateTicketStatusToResolved
FN:124,Object.<anonymous>.exports.getAllTickets
FN:135,Object.<anonymous>.exports.reassignTicket
FN:186,Object.<anonymous>.exports.assignTicket
FN:205,Object.<anonymous>.exports.getAssignedTickets
FN:228,Object.<anonymous>.exports.createTicket
FN:315,Object.<anonymous>.exports.getTicket
FN:330,Object.<anonymous>.exports.getTicketsAssignedToAgent
FN:345,Object.<anonymous>.exports.getTicketsResolvedByAgent
FN:360,Object.<anonymous>.exports.getTicketsResolvedTodayByAgent
FN:383,Object.<anonymous>.exports.getTicketsAssignedByAgentBetween
FN:403,Object.<anonymous>.exports.getTicketsResolvedByAgentBetween
FN:423,getAgentDetails
FN:433,Object.<anonymous>.exports.getTicketsByCustomer
FN:460,Object.<anonymous>.exports.getAgentTicketCounts
FN:483,Object.<anonymous>.exports.getAllTicketsCounts
FN:503,Object.<anonymous>.exports.getAllTicketsCountsToday
FNF:19
FNH:5
FNDA:0,notifyCustomer
FNDA:0,Object.<anonymous>.exports.updateTicketStatus
FNDA:0,Object.<anonymous>.exports.updateTicketStatusToResolved
FNDA:0,Object.<anonymous>.exports.getAllTickets
FNDA:0,Object.<anonymous>.exports.reassignTicket
FNDA:0,Object.<anonymous>.exports.assignTicket
FNDA:1,Object.<anonymous>.exports.getAssignedTickets
FNDA:4,Object.<anonymous>.exports.createTicket
FNDA:1,Object.<anonymous>.exports.getTicket
FNDA:0,Object.<anonymous>.exports.getTicketsAssignedToAgent
FNDA:0,Object.<anonymous>.exports.getTicketsResolvedByAgent
FNDA:0,Object.<anonymous>.exports.getTicketsResolvedTodayByAgent
FNDA:0,Object.<anonymous>.exports.getTicketsAssignedByAgentBetween
FNDA:0,Object.<anonymous>.exports.getTicketsResolvedByAgentBetween
FNDA:0,getAgentDetails
FNDA:0,Object.<anonymous>.exports.getTicketsByCustomer
FNDA:0,Object.<anonymous>.exports.getAgentTicketCounts
FNDA:1,Object.<anonymous>.exports.getAllTicketsCounts
FNDA:1,Object.<anonymous>.exports.getAllTicketsCountsToday
DA:1,1
DA:2,1
DA:3,1
DA:4,1
DA:5,1
DA:6,1
DA:7,1
DA:8,0
DA:9,0
DA:10,0
DA:11,0
DA:12,0
DA:13,0
DA:14,0
DA:15,0
DA:16,0
DA:17,0
DA:18,0
DA:19,0
DA:20,0
DA:21,0
DA:22,0
DA:23,0
DA:24,1
DA:25,1
DA:26,1
DA:27,0
DA:28,0
DA:29,0
DA:30,0
DA:31,0
DA:32,0
DA:33,0
DA:34,0
DA:35,0
DA:36,0
DA:37,0
DA:38,0
DA:39,0
DA:40,0
DA:41,0
DA:42,0
DA:43,0
DA:44,0
DA:45,0
DA:46,0
DA:47,0
DA:48,0
DA:49,0
DA:50,0
DA:51,0
DA:52,0
DA:53,0
DA:54,0
DA:55,0
DA:56,0
DA:57,0
DA:58,0
DA:59,0
DA:60,0
DA:61,0
DA:62,0
DA:63,0
DA:64,0
DA:65,0
DA:66,0
DA:67,0
DA:68,0
DA:69,0
DA:70,0
DA:71,0
DA:72,0
DA:73,0
DA:74,0
DA:75,0
DA:76,0
DA:77,0
DA:78,0
DA:79,0
DA:80,0
DA:81,0
DA:82,0
DA:83,0
DA:84,0
DA:85,0
DA:86,0
DA:87,0
DA:88,0
DA:89,0
DA:90,0
DA:91,0
DA:92,0
DA:93,0
DA:94,0
DA:95,0
DA:96,0
DA:97,0
DA:98,0
DA:99,0
DA:100,0
DA:101,1
DA:102,1
DA:103,1
DA:104,0
DA:105,0
DA:106,0
DA:107,0
DA:108,0
DA:109,0
DA:110,0
DA:111,0
DA:112,0
DA:113,0
DA:114,0
DA:115,0
DA:116,0
DA:117,0
DA:118,0
DA:119,0
DA:120,0
DA:121,0
DA:122,0
DA:123,1
DA:124,1
DA:125,0
DA:126,0
DA:127,0
DA:128,0
DA:129,0
DA:130,0
DA:131,0
DA:132,0
DA:133,1
DA:134,1
DA:135,1
DA:136,0
DA:137,0
DA:138,0
DA:139,0
DA:140,0
DA:141,0
DA:142,0
DA:143,0
DA:144,0
DA:145,0
DA:146,0
DA:147,0
DA:148,0
DA:149,0
DA:150,0
DA:151,0
DA:152,0
DA:153,0
DA:154,0
DA:155,0
DA:156,0
DA:157,0
DA:158,0
DA:159,0
DA:160,0
DA:161,0
DA:162,0
DA:163,0
DA:164,0
DA:165,0
DA:166,0
DA:167,0
DA:168,0
DA:169,0
DA:170,0
DA:171,0
DA:172,0
DA:173,0
DA:174,0
DA:175,0
DA:176,0
DA:177,0
DA:178,0
DA:179,0
DA:180,0
DA:181,0
DA:182,0
DA:183,0
DA:184,0
DA:185,1
DA:186,1
DA:187,0
DA:188,0
DA:189,0
DA:190,0
DA:191,0
DA:192,0
DA:193,0
DA:194,0
DA:195,0
DA:196,0
DA:197,0
DA:198,0
DA:199,0
DA:200,0
DA:201,0
DA:202,0
DA:203,0
DA:204,1
DA:205,1
DA:206,1
DA:207,1
DA:208,1
DA:209,1
DA:210,1
DA:211,1
DA:212,1
DA:213,1
DA:214,1
DA:215,1
DA:216,2
DA:217,2
DA:218,2
DA:219,1
DA:220,1
DA:221,1
DA:222,1
DA:223,0
DA:224,0
DA:225,1
DA:226,1
DA:227,1
DA:228,1
DA:229,4
DA:230,4
DA:231,4
DA:232,4
DA:233,4
DA:234,4
DA:235,4
DA:236,4
DA:237,1
DA:238,1
DA:239,3
DA:240,3
DA:241,3
DA:242,3
DA:243,3
DA:244,3
DA:245,3
DA:246,3
DA:247,3
DA:248,3
DA:249,3
DA:250,3
DA:251,3
DA:252,4
DA:253,4
DA:254,4
DA:255,4
DA:256,4
DA:257,4
DA:258,1
DA:259,1
DA:260,2
DA:261,2
DA:262,2
DA:263,2
DA:264,2
DA:265,2
DA:266,2
DA:267,2
DA:268,2
DA:269,2
DA:270,2
DA:271,2
DA:272,2
DA:273,2
DA:274,2
DA:275,0
DA:276,0
DA:277,0
DA:278,0
DA:279,0
DA:280,0
DA:281,0
DA:282,0
DA:283,0
DA:284,0
DA:285,0
DA:286,0
DA:287,0
DA:288,0
DA:289,4
DA:290,4
DA:291,0
DA:292,0
DA:293,0
DA:294,0
DA:295,0
DA:296,0
DA:297,0
DA:298,0
DA:299,0
DA:300,0
DA:301,0
DA:302,0
DA:303,0
DA:304,0
DA:305,0
DA:306,0
DA:307,0
DA:308,0
DA:309,0
DA:310,0
DA:311,4
DA:312,1
DA:313,1
DA:314,1
DA:315,1
DA:316,1
DA:317,1
DA:318,1
DA:319,1
DA:320,1
DA:321,1
DA:322,1
DA:323,1
DA:324,0
DA:325,0
DA:326,0
DA:327,1
DA:328,1
DA:329,1
DA:330,1
DA:331,0
DA:332,0
DA:333,0
DA:334,0
DA:335,0
DA:336,0
DA:337,0
DA:338,0
DA:339,0
DA:340,0
DA:341,0
DA:342,0
DA:343,1
DA:344,1
DA:345,1
DA:346,0
DA:347,0
DA:348,0
DA:349,0
DA:350,0
DA:351,0
DA:352,0
DA:353,0
DA:354,0
DA:355,0
DA:356,0
DA:357,0
DA:358,1
DA:359,1
DA:360,1
DA:361,0
DA:362,0
DA:363,0
DA:364,0
DA:365,0
DA:366,0
DA:367,0
DA:368,0
DA:369,0
DA:370,0
DA:371,0
DA:372,0
DA:373,0
DA:374,0
DA:375,0
DA:376,0
DA:377,0
DA:378,0
DA:379,0
DA:380,0
DA:381,1
DA:382,1
DA:383,1
DA:384,0
DA:385,0
DA:386,0
DA:387,0
DA:388,0
DA:389,0
DA:390,0
DA:391,0
DA:392,0
DA:393,0
DA:394,0
DA:395,0
DA:396,0
DA:397,0
DA:398,0
DA:399,0
DA:400,0
DA:401,1
DA:402,1
DA:403,1
DA:404,0
DA:405,0
DA:406,0
DA:407,0
DA:408,0
DA:409,0
DA:410,0
DA:411,0
DA:412,0
DA:413,0
DA:414,0
DA:415,0
DA:416,0
DA:417,0
DA:418,0
DA:419,0
DA:420,0
DA:421,0
DA:422,1
DA:423,1
DA:424,0
DA:425,0
DA:426,0
DA:427,0
DA:428,0
DA:429,0
DA:430,0
DA:431,0
DA:432,1
DA:433,1
DA:434,0
DA:435,0
DA:436,0
DA:437,0
DA:438,0
DA:439,0
DA:440,0
DA:441,0
DA:442,0
DA:443,0
DA:444,0
DA:445,0
DA:446,0
DA:447,0
DA:448,0
DA:449,0
DA:450,0
DA:451,0
DA:452,0
DA:453,0
DA:454,0
DA:455,0
DA:456,0
DA:457,0
DA:458,1
DA:459,1
DA:460,1
DA:461,0
DA:462,0
DA:463,0
DA:464,0
DA:465,0
DA:466,0
DA:467,0
DA:468,0
DA:469,0
DA:470,0
DA:471,0
DA:472,0
DA:473,0
DA:474,0
DA:475,0
DA:476,0
DA:477,0
DA:478,0
DA:479,0
DA:480,0
DA:481,0
DA:482,1
DA:483,1
DA:484,1
DA:485,1
DA:486,1
DA:487,1
DA:488,1
DA:489,1
DA:490,1
DA:491,1
DA:492,1
DA:493,1
DA:494,1
DA:495,1
DA:496,1
DA:497,1
DA:498,0
DA:499,0
DA:500,1
DA:501,1
DA:502,1
DA:503,1
DA:504,1
DA:505,1
DA:506,1
DA:507,1
DA:508,1
DA:509,1
DA:510,1
DA:511,1
DA:512,1
DA:513,1
DA:514,1
DA:515,1
DA:516,1
DA:517,1
DA:518,1
DA:519,1
DA:520,1
DA:521,1
DA:522,1
DA:523,0
DA:524,0
DA:525,1
LF:525
LH:167
BRDA:205,0,0,1
BRDA:222,1,0,0
BRDA:215,2,0,2
BRDA:217,3,0,0
BRDA:218,4,0,0
BRDA:228,5,0,4
BRDA:233,6,0,1
BRDA:233,7,0,3
BRDA:236,8,0,3
BRDA:236,9,0,3
BRDA:236,10,0,1
BRDA:238,11,0,3
BRDA:252,12,0,0
BRDA:256,13,0,3
BRDA:257,14,0,1
BRDA:259,15,0,2
BRDA:274,16,0,0
BRDA:290,17,0,0
BRDA:315,18,0,1
BRDA:320,19,0,0
BRDA:323,20,0,0
BRDA:483,21,0,1
BRDA:497,22,0,0
BRDA:503,23,0,1
BRDA:522,24,0,0
BRF:25
BRH:15
end_of_record
TN:
SF:controllers\userController.js
FN:9,getUserDetails
FN:25,getTicketsByAgentToday
FNF:2
FNH:1
FNDA:2,getUserDetails
FNDA:0,getTicketsByAgentToday
DA:1,1
DA:2,1
DA:3,1
DA:4,1
DA:5,1
DA:6,1
DA:7,1
DA:8,1
DA:9,1
DA:10,2
DA:11,2
DA:12,2
DA:13,1
DA:14,2
DA:15,0
DA:16,0
DA:17,1
DA:18,1
DA:19,1
DA:20,1
DA:21,1
DA:22,1
DA:23,2
DA:24,1
DA:25,1
DA:26,0
DA:27,0
DA:28,0
DA:29,0
DA:30,0
DA:31,0
DA:32,0
DA:33,0
DA:34,0
DA:35,0
DA:36,0
DA:37,0
DA:38,0
DA:39,0
DA:40,0
DA:41,0
DA:42,0
DA:43,0
DA:44,0
DA:45,0
DA:46,0
DA:47,0
DA:48,0
DA:49,0
DA:50,0
DA:51,0
DA:52,0
DA:53,0
DA:54,0
DA:55,0
DA:56,0
DA:57,0
DA:58,0
DA:59,0
DA:60,0
DA:61,0
DA:62,0
DA:63,0
DA:64,0
DA:65,0
DA:66,0
DA:67,0
DA:68,0
DA:69,0
DA:70,1
DA:71,1
DA:72,1
DA:73,1
DA:74,1
LF:74
LH:28
BRDA:9,0,0,2
BRDA:12,1,0,1
BRDA:14,2,0,0
BRDA:16,3,0,1
BRF:4
BRH:3
end_of_record
TN:
SF:middleware\authMiddleware.js
FN:6,authMiddleware
FNF:1
FNH:1
FNDA:22,authMiddleware
DA:1,1
DA:2,1
DA:3,1
DA:4,1
DA:5,1
DA:6,1
DA:7,22
DA:8,22
DA:9,22
DA:10,22
DA:11,21
DA:12,21
DA:13,21
DA:14,21
DA:15,21
DA:16,21
DA:17,21
DA:18,20
DA:19,20
DA:20,20
DA:21,22
DA:22,1
DA:23,1
DA:24,22
DA:25,1
DA:26,1
LF:26
LH:26
BRDA:6,0,0,22
BRDA:8,1,0,21
BRDA:10,2,0,1
BRDA:10,3,0,21
BRDA:17,4,0,20
BRDA:21,5,0,1
BRF:6
BRH:6
end_of_record
TN:
SF:middleware\roleMiddleware.js
FN:7,roleMiddleware
FNF:1
FNH:1
FNDA:4,roleMiddleware
DA:1,1
DA:2,1
DA:3,1
DA:4,1
DA:5,1
DA:6,1
DA:7,1
DA:8,4
DA:9,1
DA:10,1
DA:11,1
DA:12,1
DA:13,1
DA:14,1
DA:15,1
DA:16,1
DA:17,1
DA:18,1
DA:19,1
DA:20,1
DA:21,1
DA:22,1
DA:23,0
DA:24,0
DA:25,4
DA:26,4
DA:27,1
DA:28,1
LF:28
LH:26
BRDA:7,0,0,4
BRDA:8,1,0,1
BRDA:14,2,0,0
BRDA:18,3,0,0
BRDA:22,4,0,0
BRF:5
BRH:2
end_of_record
TN:
SF:models\Agent.js
FNF:0
FNH:0
DA:1,1
DA:2,1
DA:3,1
DA:4,1
DA:5,1
DA:6,1
DA:7,1
DA:8,1
DA:9,1
DA:10,1
DA:11,1
DA:12,1
DA:13,1
DA:14,1
LF:14
LH:14
BRF:0
BRH:0
end_of_record
TN:
SF:models\Customer.js
FNF:0
FNH:0
DA:1,1
DA:2,1
DA:3,1
DA:4,1
DA:5,1
DA:6,1
DA:7,1
DA:8,1
DA:9,1
DA:10,1
DA:11,1
LF:11
LH:11
BRF:0
BRH:0
end_of_record
TN:
SF:models\Manager.js
FNF:0
FNH:0
DA:1,1
DA:2,1
DA:3,1
DA:4,1
DA:5,1
DA:6,1
DA:7,1
DA:8,1
DA:9,1
DA:10,1
DA:11,1
LF:11
LH:11
BRF:0
BRH:0
end_of_record
TN:
SF:models\Ticket.js
FNF:0
FNH:0
DA:1,1
DA:2,1
DA:3,1
DA:4,1
DA:5,1
DA:6,1
DA:7,1
DA:8,1
DA:9,1
DA:10,1
DA:11,1
DA:12,1
DA:13,1
DA:14,1
DA:15,1
DA:16,1
DA:17,1
DA:18,1
DA:19,1
LF:19
LH:19
BRF:0
BRH:0
end_of_record
TN:
SF:models\User.js
FNF:0
FNH:0
DA:1,1
DA:2,1
DA:3,1
DA:4,1
DA:5,1
DA:6,1
DA:7,1
DA:8,1
DA:9,1
DA:10,1
DA:11,1
DA:12,1
DA:13,1
DA:14,1
DA:15,1
LF:15
LH:15
BRF:0
BRH:0
end_of_record
TN:
SF:routes\authRoutes.js
FNF:0
FNH:0
DA:1,1
DA:2,1
DA:3,1
DA:4,1
DA:5,1
DA:6,1
DA:7,1
DA:8,1
DA:9,1
DA:10,1
DA:11,1
DA:12,1
DA:13,1
DA:14,1
DA:15,1
DA:16,1
DA:17,1
DA:18,1
DA:19,1
LF:19
LH:19
BRF:0
BRH:0
end_of_record
TN:
SF:routes\ticketRoutes.js
FNF:0
FNH:0
DA:1,1
DA:2,1
DA:3,1
DA:4,1
DA:5,1
DA:6,1
DA:7,1
DA:8,1
DA:9,1
DA:10,1
DA:11,1
DA:12,1
DA:13,1
DA:14,1
DA:15,1
DA:16,1
DA:17,1
DA:18,1
DA:19,1
DA:20,1
DA:21,1
DA:22,1
DA:23,1
LF:23
LH:23
BRF:0
BRH:0
end_of_record
TN:
SF:routes\userRoutes.js
FNF:0
FNH:0
DA:1,1
DA:2,1
DA:3,1
DA:4,1
DA:5,1
DA:6,1
DA:7,1
DA:8,1
DA:9,1
DA:10,1
DA:11,1
DA:12,1
DA:13,1
DA:14,1
DA:15,1
DA:16,1
DA:17,1
DA:18,1
DA:19,1
LF:19
LH:19
BRF:0
BRH:0
end_of_record
TN:
SF:services\emailService.js
FN:11,sendEmail
FNF:1
FNH:0
FNDA:0,sendEmail
DA:1,1
DA:2,1
DA:3,1
DA:4,1
DA:5,1
DA:6,1
DA:7,1
DA:8,1
DA:9,1
DA:10,1
DA:11,1
DA:12,0
DA:13,0
DA:14,0
DA:15,0
DA:16,0
DA:17,0
DA:18,0
DA:19,0
DA:20,0
DA:21,1
DA:22,1
LF:22
LH:13
BRF:0
BRH:0
end_of_record
